#
# There is insufficient memory for the Java Runtime Environment to continue.
# Native memory allocation (malloc) failed to allocate 344976 bytes. Error detail: Chunk::new
# Possible reasons:
#   The system is out of physical RAM or swap space
#   This process is running with CompressedOops enabled, and the Java Heap may be blocking the growth of the native heap
# Possible solutions:
#   Reduce memory load on the system
#   Increase physical memory or swap space
#   Check if swap backing store is full
#   Decrease Java heap size (-Xmx/-Xms)
#   Decrease number of Java threads
#   Decrease Java thread stack sizes (-Xss)
#   Set larger code cache with -XX:ReservedCodeCacheSize=
#   JVM is running with Unscaled Compressed Oops mode in which the Java heap is
#     placed in the first 4GB address space. The Java Heap base address is the
#     maximum limit for the native heap growth. Please use -XX:HeapBaseMinAddress
#     to set the Java Heap base and to place the Java Heap above 4GB virtual address.
# This output file may be truncated or incomplete.
#
#  Out of Memory Error (arena.cpp:168), pid=21656, tid=12500
#
# JRE version: OpenJDK Runtime Environment OpenLogic-OpenJDK (21.0.3+9) (build 21.0.3+9-adhoc.Administrator.jdk21u)
# Java VM: OpenJDK 64-Bit Server VM OpenLogic-OpenJDK (21.0.3+9-adhoc.Administrator.jdk21u, mixed mode, sharing, tiered, compressed oops, compressed class ptrs, parallel gc, windows-amd64)
# No core dump will be written. Minidumps are not enabled by default on client versions of Windows
#

---------------  S U M M A R Y ------------

Command Line: --add-modules=ALL-SYSTEM --add-opens=java.base/java.util=ALL-UNNAMED --add-opens=java.base/java.lang=ALL-UNNAMED --add-opens=java.base/sun.nio.fs=ALL-UNNAMED -Declipse.application=org.eclipse.jdt.ls.core.id1 -Dosgi.bundles.defaultStartLevel=4 -Declipse.product=org.eclipse.jdt.ls.core.product -Djava.import.generatesMetadataFilesAtProjectRoot=false -DDetectVMInstallationsJob.disabled=true -Dfile.encoding=utf8 -XX:+UseParallelGC -XX:GCTimeRatio=4 -XX:AdaptiveSizePolicyWeight=90 -Dsun.zip.disableMemoryMapping=true -Xmx2G -Xms100m -Xlog:disable -javaagent:c:\Users\Hp\.windsurf\extensions\redhat.java-1.52.0-universal\lombok\lombok-1.18.39-4050.jar c:\Users\Hp\.windsurf\extensions\redhat.java-1.52.0-universal\server\plugins\org.eclipse.equinox.launcher_1.7.100.v20251111-0406.jar -configuration c:\Users\Hp\AppData\Roaming\Windsurf\User\globalStorage\redhat.java\1.52.0\config_ss_win -data c:\Users\Hp\AppData\Roaming\Windsurf\User\workspaceStorage\8dfb7344734fe7d7d8aca5bba71e0df7\redhat.java\ss_ws --pipe=\\.\pipe\lsp-2204160894ca3feddb5c7c34a794d277-sock

Host: 12th Gen Intel(R) Core(TM) i7-1260P, 16 cores, 7G,  Windows 11 , 64 bit Build 26100 (10.0.26100.7705)
Time: Sun Feb 22 20:52:41 2026 SE Asia Standard Time elapsed time: 1.808413 seconds (0d 0h 0m 1s)

---------------  T H R E A D  ---------------

Current thread (0x00000236f2f67e50):  JavaThread "C2 CompilerThread0" daemon [_thread_in_native, id=12500, stack(0x0000008c61a00000,0x0000008c61b00000) (1024K)]


Current CompileTask:
C2:   1808 1596       4       lombok.patcher.scripts.MethodLevelPatchScript::patch (21 bytes)

Stack: [0x0000008c61a00000,0x0000008c61b00000]
Native frames: (J=compiled Java code, j=interpreted, Vv=VM code, C=native code)
V  [jvm.dll+0x6d4fa9]
V  [jvm.dll+0x8b01d3]
V  [jvm.dll+0x8b252e]
V  [jvm.dll+0x8b2c13]
V  [jvm.dll+0x284fb6]
V  [jvm.dll+0xc5ffd]
V  [jvm.dll+0xc6533]
V  [jvm.dll+0x3bc30b]
V  [jvm.dll+0x388aa7]
V  [jvm.dll+0x387f1a]
V  [jvm.dll+0x24d512]
V  [jvm.dll+0x24cae1]
V  [jvm.dll+0x1cbd64]
V  [jvm.dll+0x25c059]
V  [jvm.dll+0x25a60b]
V  [jvm.dll+0x3f6976]
V  [jvm.dll+0x859268]
V  [jvm.dll+0x6d37ed]
C  [ucrtbase.dll+0x37b0]
C  [KERNEL32.DLL+0x2e8d7]
C  [ntdll.dll+0x8c40c]


---------------  P R O C E S S  ---------------

Threads class SMR info:
_java_thread_list=0x00000236f9812cc0, length=12, elements={
0x00000236915a9e90, 0x00000236938ce350, 0x00000236939cf2d0, 0x00000236939d2eb0,
0x00000236939d5530, 0x00000236939dbc60, 0x00000236939de6d0, 0x00000236f2f67e50,
0x00000236f2f69db0, 0x00000236f2fd24e0, 0x00000236f32b7120, 0x00000236f97cd560
}

Java Threads: ( => current thread )
  0x00000236915a9e90 JavaThread "main"                              [_thread_in_vm, id=23252, stack(0x0000008c61000000,0x0000008c61100000) (1024K)]
  0x00000236938ce350 JavaThread "Reference Handler"          daemon [_thread_blocked, id=26588, stack(0x0000008c61400000,0x0000008c61500000) (1024K)]
  0x00000236939cf2d0 JavaThread "Finalizer"                  daemon [_thread_blocked, id=13808, stack(0x0000008c61500000,0x0000008c61600000) (1024K)]
  0x00000236939d2eb0 JavaThread "Signal Dispatcher"          daemon [_thread_blocked, id=12292, stack(0x0000008c61600000,0x0000008c61700000) (1024K)]
  0x00000236939d5530 JavaThread "Attach Listener"            daemon [_thread_blocked, id=16616, stack(0x0000008c61700000,0x0000008c61800000) (1024K)]
  0x00000236939dbc60 JavaThread "Service Thread"             daemon [_thread_blocked, id=26108, stack(0x0000008c61800000,0x0000008c61900000) (1024K)]
  0x00000236939de6d0 JavaThread "Monitor Deflation Thread"   daemon [_thread_blocked, id=21492, stack(0x0000008c61900000,0x0000008c61a00000) (1024K)]
=>0x00000236f2f67e50 JavaThread "C2 CompilerThread0"         daemon [_thread_in_native, id=12500, stack(0x0000008c61a00000,0x0000008c61b00000) (1024K)]
  0x00000236f2f69db0 JavaThread "C1 CompilerThread0"         daemon [_thread_in_vm, id=5636, stack(0x0000008c61b00000,0x0000008c61c00000) (1024K)]
  0x00000236f2fd24e0 JavaThread "Common-Cleaner"             daemon [_thread_blocked, id=26044, stack(0x0000008c61c00000,0x0000008c61d00000) (1024K)]
  0x00000236f32b7120 JavaThread "Notification Thread"        daemon [_thread_blocked, id=7876, stack(0x0000008c61d00000,0x0000008c61e00000) (1024K)]
  0x00000236f97cd560 JavaThread "Active Thread: Equinox Container: 1832a34b-7746-44e8-8635-c84669af81c7"        [_thread_blocked, id=14236, stack(0x0000008c62400000,0x0000008c62500000) (1024K)]
Total: 12

Other Threads:
  0x000002369157f660 VMThread "VM Thread"                           [id=25708, stack(0x0000008c61300000,0x0000008c61400000) (1024K)]
  0x00000236937aba00 WatcherThread "VM Periodic Task Thread"        [id=13148, stack(0x0000008c61200000,0x0000008c61300000) (1024K)]
  0x000002369157fda0 WorkerThread "GC Thread#0"                     [id=26016, stack(0x0000008c61100000,0x0000008c61200000) (1024K)]
  0x0000023691580fc0 WorkerThread "GC Thread#1"                     [id=12468, stack(0x0000008c61e00000,0x0000008c61f00000) (1024K)]
  0x000002369157fa00 WorkerThread "GC Thread#2"                     [id=7652, stack(0x0000008c61f00000,0x0000008c62000000) (1024K)]
  0x00000236f95adf70 WorkerThread "GC Thread#3"                     [id=4012, stack(0x0000008c62000000,0x0000008c62100000) (1024K)]
  0x00000236f95af530 WorkerThread "GC Thread#4"                     [id=6596, stack(0x0000008c62100000,0x0000008c62200000) (1024K)]
  0x00000236f95ad830 WorkerThread "GC Thread#5"                     [id=17524, stack(0x0000008c62200000,0x0000008c62300000) (1024K)]
  0x00000236f95ac9b0 WorkerThread "GC Thread#6"                     [id=16592, stack(0x0000008c62300000,0x0000008c62400000) (1024K)]
Total: 9

Threads with active compile tasks:
C2 CompilerThread0     1849 1596       4       lombok.patcher.scripts.MethodLevelPatchScript::patch (21 bytes)
C1 CompilerThread0     1849 1697       3       jdk.internal.org.objectweb.asm.Handler::putExceptionTable (63 bytes)
Total: 2

VM state: not at safepoint (normal execution)

VM Mutex/Monitor currently owned by a thread: None

Heap address: 0x0000000080000000, size: 2048 MB, Compressed Oops mode: 32-bit

CDS archive(s) mapped at: [0x00000236b1000000-0x00000236b1c90000-0x00000236b1c90000), size 13172736, SharedBaseAddress: 0x00000236b1000000, ArchiveRelocationMode: 1.
Compressed class space mapped at: 0x00000236b2000000-0x00000236f2000000, reserved size: 1073741824
Narrow klass base: 0x00000236b1000000, Narrow klass shift: 0, Narrow klass range: 0x100000000

GC Precious Log:
 CardTable entry size: 512
 CPUs: 16 total, 16 available
 Memory: 7860M
 Large Page Support: Disabled
 NUMA Support: Disabled
 Compressed Oops: Enabled (32-bit)
 Alignments: Space 512K, Generation 512K, Heap 2M
 Heap Min Capacity: 100M
 Heap Initial Capacity: 100M
 Heap Max Capacity: 2G
 Pre-touch: Disabled
 Parallel Workers: 13

Heap:
 PSYoungGen      total 29696K, used 24088K [0x00000000d5580000, 0x00000000d7680000, 0x0000000100000000)
  eden space 25600K, 81% used [0x00000000d5580000,0x00000000d69c60b0,0x00000000d6e80000)
  from space 4096K, 81% used [0x00000000d6e80000,0x00000000d71c0158,0x00000000d7280000)
  to   space 4096K, 0% used [0x00000000d7280000,0x00000000d7280000,0x00000000d7680000)
 ParOldGen       total 68608K, used 16K [0x0000000080000000, 0x0000000084300000, 0x00000000d5580000)
  object space 68608K, 0% used [0x0000000080000000,0x0000000080004000,0x0000000084300000)
 Metaspace       used 7534K, committed 7872K, reserved 1114112K
  class space    used 743K, committed 896K, reserved 1048576K

Card table byte_map: [0x00000236932c0000,0x00000236936d0000] _byte_map_base: 0x0000023692ec0000

Marking Bits: (ParMarkBitMap*) 0x00007ff952cb6020
 Begin Bits: [0x00000236ac670000, 0x00000236ae670000)
 End Bits:   [0x00000236ae670000, 0x00000236b0670000)

Polling page: 0x00000236917e0000

Metaspace:

Usage:
  Non-class:      6.63 MB used.
      Class:    743.54 KB used.
       Both:      7.36 MB used.

Virtual space:
  Non-class space:       64.00 MB reserved,       6.81 MB ( 11%) committed,  1 nodes.
      Class space:        1.00 GB reserved,     896.00 KB ( <1%) committed,  1 nodes.
             Both:        1.06 GB reserved,       7.69 MB ( <1%) committed. 

Chunk freelists:
   Non-Class:  9.18 MB
       Class:  14.97 MB
        Both:  24.15 MB

MaxMetaspaceSize: unlimited
CompressedClassSpaceSize: 1.00 GB
Initial GC threshold: 21.00 MB
Current GC threshold: 21.00 MB
CDS: on
 - commit_granule_bytes: 65536.
 - commit_granule_words: 8192.
 - virtual_space_node_default_size: 8388608.
 - enlarge_chunks_in_place: 1.
 - use_allocation_guard: 0.


Internal statistics:

num_allocs_failed_limit: 0.
num_arena_births: 220.
num_arena_deaths: 0.
num_vsnodes_births: 2.
num_vsnodes_deaths: 0.
num_space_committed: 123.
num_space_uncommitted: 0.
num_chunks_returned_to_freelist: 0.
num_chunks_taken_from_freelist: 389.
num_chunk_merges: 0.
num_chunk_splits: 252.
num_chunks_enlarged: 163.
num_inconsistent_stats: 0.

CodeHeap 'non-profiled nmethods': size=119168Kb used=640Kb max_used=640Kb free=118527Kb
 bounds [0x00000236a4f60000, 0x00000236a51d0000, 0x00000236ac3c0000]
CodeHeap 'profiled nmethods': size=119104Kb used=3071Kb max_used=3071Kb free=116032Kb
 bounds [0x000002369d3c0000, 0x000002369d6d0000, 0x00000236a4810000]
CodeHeap 'non-nmethods': size=7488Kb used=1210Kb max_used=1231Kb free=6277Kb
 bounds [0x00000236a4810000, 0x00000236a4a80000, 0x00000236a4f60000]
 total_blobs=2161 nmethods=1684 adapters=384
 compilation: enabled
              stopped_count=0, restarted_count=0
 full_count=0

Compilation events (20 events):
Event: 1.796 Thread 0x00000236f2f69db0 nmethod 1659 0x000002369d69f910 code [0x000002369d69fac0, 0x000002369d69fc98]
Event: 1.796 Thread 0x00000236f2f69db0 1660       3       org.eclipse.osgi.internal.loader.BundleLoaderSources::forceSourceCreation (31 bytes)
Event: 1.796 Thread 0x00000236f2f69db0 nmethod 1660 0x000002369d69fd90 code [0x000002369d69ff60, 0x000002369d6a02d8]
Event: 1.796 Thread 0x00000236f2f69db0 1661   !   3       java.util.Collections$SynchronizedCollection::add (25 bytes)
Event: 1.796 Thread 0x00000236f2f69db0 nmethod 1661 0x000002369d6a0410 code [0x000002369d6a05c0, 0x000002369d6a0890]
Event: 1.801 Thread 0x00000236f2f69db0 1662   !   3       java.util.zip.ZipFile$ZipFileInflaterInputStream::close (67 bytes)
Event: 1.801 Thread 0x00000236f2f69db0 nmethod 1662 0x000002369d6a0a10 code [0x000002369d6a0c60, 0x000002369d6a14d0]
Event: 1.801 Thread 0x00000236f2f69db0 1663       3       java.util.zip.InflaterInputStream::close (34 bytes)
Event: 1.801 Thread 0x00000236f2f69db0 nmethod 1663 0x000002369d6a1890 code [0x000002369d6a1a60, 0x000002369d6a1d08]
Event: 1.801 Thread 0x00000236f2f69db0 1664       3       java.util.zip.ZipFile$InflaterCleanupAction::run (12 bytes)
Event: 1.801 Thread 0x00000236f2f69db0 nmethod 1664 0x000002369d6a1e10 code [0x000002369d6a1fc0, 0x000002369d6a2120]
Event: 1.801 Thread 0x00000236f2f69db0 1665   !   3       java.util.zip.ZipFile$CleanableResource::releaseInflater (53 bytes)
Event: 1.802 Thread 0x00000236f2f69db0 nmethod 1665 0x000002369d6a2210 code [0x000002369d6a2400, 0x000002369d6a2878]
Event: 1.802 Thread 0x00000236f2f69db0 1666   !   3       java.util.zip.Inflater::reset (64 bytes)
Event: 1.802 Thread 0x00000236f2f69db0 nmethod 1666 0x000002369d6a2b10 code [0x000002369d6a2ce0, 0x000002369d6a3000]
Event: 1.804 Thread 0x00000236f2f69db0 1668   !   3       jdk.internal.reflect.DirectConstructorHandleAccessor::newInstance (130 bytes)
Event: 1.805 Thread 0x00000236f2f69db0 nmethod 1668 0x000002369d6a3190 code [0x000002369d6a3680, 0x000002369d6a5b78]
Event: 1.806 Thread 0x00000236f2f69db0 1670   !   3       java.lang.ClassLoader::loadClass (121 bytes)
Event: 1.806 Thread 0x00000236f2f69db0 nmethod 1670 0x000002369d6a6f10 code [0x000002369d6a71e0, 0x000002369d6a7e88]
Event: 1.806 Thread 0x00000236f2f69db0 1669       3       jdk.internal.reflect.DirectConstructorHandleAccessor::invokeImpl (103 bytes)

GC Heap History (2 events):
Event: 1.365 GC heap before
{Heap before GC invocations=1 (full 0):
 PSYoungGen      total 29696K, used 25600K [0x00000000d5580000, 0x00000000d7680000, 0x0000000100000000)
  eden space 25600K, 100% used [0x00000000d5580000,0x00000000d6e80000,0x00000000d6e80000)
  from space 4096K, 0% used [0x00000000d7280000,0x00000000d7280000,0x00000000d7680000)
  to   space 4096K, 0% used [0x00000000d6e80000,0x00000000d6e80000,0x00000000d7280000)
 ParOldGen       total 68608K, used 0K [0x0000000080000000, 0x0000000084300000, 0x00000000d5580000)
  object space 68608K, 0% used [0x0000000080000000,0x0000000080000000,0x0000000084300000)
 Metaspace       used 4434K, committed 4672K, reserved 1114112K
  class space    used 451K, committed 576K, reserved 1048576K
}
Event: 1.375 GC heap after
{Heap after GC invocations=1 (full 0):
 PSYoungGen      total 29696K, used 3328K [0x00000000d5580000, 0x00000000d7680000, 0x0000000100000000)
  eden space 25600K, 0% used [0x00000000d5580000,0x00000000d5580000,0x00000000d6e80000)
  from space 4096K, 81% used [0x00000000d6e80000,0x00000000d71c0158,0x00000000d7280000)
  to   space 4096K, 0% used [0x00000000d7280000,0x00000000d7280000,0x00000000d7680000)
 ParOldGen       total 68608K, used 16K [0x0000000080000000, 0x0000000084300000, 0x00000000d5580000)
  object space 68608K, 0% used [0x0000000080000000,0x0000000080004000,0x0000000084300000)
 Metaspace       used 4434K, committed 4672K, reserved 1114112K
  class space    used 451K, committed 576K, reserved 1048576K
}

Dll operation events (9 events):
Event: 0.050 Loaded shared library C:\Program Files\OpenLogic\jdk-21.0.3.9-hotspot\bin\java.dll
Event: 0.245 Loaded shared library C:\Program Files\OpenLogic\jdk-21.0.3.9-hotspot\bin\jsvml.dll
Event: 0.292 Loaded shared library C:\Program Files\OpenLogic\jdk-21.0.3.9-hotspot\bin\zip.dll
Event: 0.307 Loaded shared library C:\Program Files\OpenLogic\jdk-21.0.3.9-hotspot\bin\instrument.dll
Event: 0.334 Loaded shared library C:\Program Files\OpenLogic\jdk-21.0.3.9-hotspot\bin\net.dll
Event: 0.411 Loaded shared library C:\Program Files\OpenLogic\jdk-21.0.3.9-hotspot\bin\nio.dll
Event: 0.415 Loaded shared library C:\Program Files\OpenLogic\jdk-21.0.3.9-hotspot\bin\zip.dll
Event: 0.448 Loaded shared library C:\Program Files\OpenLogic\jdk-21.0.3.9-hotspot\bin\jimage.dll
Event: 0.625 Loaded shared library C:\Program Files\OpenLogic\jdk-21.0.3.9-hotspot\bin\verify.dll

Deoptimization events (20 events):
Event: 1.664 Thread 0x00000236915a9e90 DEOPT PACKING pc=0x000002369d469841 sp=0x0000008c610f3a70
Event: 1.664 Thread 0x00000236915a9e90 DEOPT UNPACKING pc=0x00000236a4864242 sp=0x0000008c610f2f20 mode 0
Event: 1.667 Thread 0x00000236915a9e90 DEOPT PACKING pc=0x000002369d469841 sp=0x0000008c610f7440
Event: 1.667 Thread 0x00000236915a9e90 DEOPT UNPACKING pc=0x00000236a4864242 sp=0x0000008c610f68f0 mode 0
Event: 1.669 Thread 0x00000236915a9e90 Uncommon trap: trap_request=0xffffffc6 fr.pc=0x00000236a4f96350 relative=0x0000000000000290
Event: 1.669 Thread 0x00000236915a9e90 Uncommon trap: reason=bimorphic_or_optimized_type_check action=maybe_recompile pc=0x00000236a4f96350 method=java.util.Collections$UnmodifiableCollection$1.next()Ljava/lang/Object; @ 4 c2
Event: 1.669 Thread 0x00000236915a9e90 DEOPT PACKING pc=0x00000236a4f96350 sp=0x0000008c610f8050
Event: 1.669 Thread 0x00000236915a9e90 DEOPT UNPACKING pc=0x00000236a4863aa2 sp=0x0000008c610f8000 mode 2
Event: 1.669 Thread 0x00000236915a9e90 Uncommon trap: trap_request=0xffffffc6 fr.pc=0x00000236a4f96350 relative=0x0000000000000290
Event: 1.669 Thread 0x00000236915a9e90 Uncommon trap: reason=bimorphic_or_optimized_type_check action=maybe_recompile pc=0x00000236a4f96350 method=java.util.Collections$UnmodifiableCollection$1.next()Ljava/lang/Object; @ 4 c2
Event: 1.669 Thread 0x00000236915a9e90 DEOPT PACKING pc=0x00000236a4f96350 sp=0x0000008c610f8050
Event: 1.669 Thread 0x00000236915a9e90 DEOPT UNPACKING pc=0x00000236a4863aa2 sp=0x0000008c610f8000 mode 2
Event: 1.761 Thread 0x00000236915a9e90 Uncommon trap: trap_request=0xffffff45 fr.pc=0x00000236a4ff284c relative=0x00000000000000ac
Event: 1.761 Thread 0x00000236915a9e90 Uncommon trap: reason=unstable_if action=reinterpret pc=0x00000236a4ff284c method=java.util.concurrent.locks.ReentrantLock$NonfairSync.initialTryLock()Z @ 10 c2
Event: 1.761 Thread 0x00000236915a9e90 DEOPT PACKING pc=0x00000236a4ff284c sp=0x0000008c610fe630
Event: 1.761 Thread 0x00000236915a9e90 DEOPT UNPACKING pc=0x00000236a4863aa2 sp=0x0000008c610fe5c0 mode 2
Event: 1.761 Thread 0x00000236915a9e90 Uncommon trap: trap_request=0xffffff45 fr.pc=0x00000236a4ff24b4 relative=0x0000000000000094
Event: 1.761 Thread 0x00000236915a9e90 Uncommon trap: reason=unstable_if action=reinterpret pc=0x00000236a4ff24b4 method=java.util.concurrent.locks.ReentrantLock$Sync.tryRelease(I)Z @ 26 c2
Event: 1.761 Thread 0x00000236915a9e90 DEOPT PACKING pc=0x00000236a4ff24b4 sp=0x0000008c610fe700
Event: 1.761 Thread 0x00000236915a9e90 DEOPT UNPACKING pc=0x00000236a4863aa2 sp=0x0000008c610fe680 mode 2

Classes loaded (20 events):
Event: 1.786 Loading class java/util/concurrent/RunnableFuture done
Event: 1.786 Loading class java/util/concurrent/ScheduledFuture
Event: 1.786 Loading class java/util/concurrent/Delayed
Event: 1.786 Loading class java/util/concurrent/Delayed done
Event: 1.786 Loading class java/util/concurrent/ScheduledFuture done
Event: 1.786 Loading class java/util/concurrent/RunnableScheduledFuture done
Event: 1.788 Loading class java/util/concurrent/ScheduledThreadPoolExecutor$ScheduledFutureTask
Event: 1.788 Loading class java/util/concurrent/FutureTask
Event: 1.789 Loading class java/util/concurrent/FutureTask done
Event: 1.789 Loading class java/util/concurrent/ScheduledThreadPoolExecutor$ScheduledFutureTask done
Event: 1.789 Loading class java/util/concurrent/FutureTask$WaitNode
Event: 1.789 Loading class java/util/concurrent/FutureTask$WaitNode done
Event: 1.789 Loading class java/util/concurrent/Executors$RunnableAdapter
Event: 1.789 Loading class java/util/concurrent/Executors$RunnableAdapter done
Event: 1.790 Loading class java/util/concurrent/ThreadPoolExecutor$Worker
Event: 1.790 Loading class java/util/concurrent/ThreadPoolExecutor$Worker done
Event: 1.801 Loading class java/util/ArrayList$ListItr
Event: 1.801 Loading class java/util/ArrayList$ListItr done
Event: 1.804 Loading class java/net/ContentHandlerFactory
Event: 1.804 Loading class java/net/ContentHandlerFactory done

Classes unloaded (0 events):
No events

Classes redefined (0 events):
No events

Internal exceptions (20 events):
Event: 1.103 Thread 0x00000236915a9e90 Exception <a 'java/lang/NoSuchMethodError'{0x00000000d653cf38}: 'java.lang.Object java.lang.invoke.DirectMethodHandle$Holder.invokeInterface(java.lang.Object, java.lang.Object)'> (0x00000000d653cf38) 
thrown [s\src\hotspot\share\interpreter\linkResolver.cpp, line 773]
Event: 1.106 Thread 0x00000236915a9e90 Exception <a 'java/lang/NoSuchMethodError'{0x00000000d6550130}: 'java.lang.Object java.lang.invoke.Invokers$Holder.invokeExact_MT(java.lang.Object, java.lang.Object, java.lang.Object, java.lang.Object, java.lang.Object, java.lang.Object)'> (0x00000000d6550130) 
thrown [s\src\hotspot\share\interpreter\linkResolver.cpp, line 773]
Event: 1.110 Thread 0x00000236915a9e90 Exception <a 'java/lang/NoSuchMethodError'{0x00000000d6566cb8}: 'int java.lang.invoke.DirectMethodHandle$Holder.invokeStatic(java.lang.Object, java.lang.Object, java.lang.Object, java.lang.Object, java.lang.Object)'> (0x00000000d6566cb8) 
thrown [s\src\hotspot\share\interpreter\linkResolver.cpp, line 773]
Event: 1.133 Thread 0x00000236915a9e90 Exception <a 'java/lang/NoSuchMethodError'{0x00000000d65fb050}: 'java.lang.Object java.lang.invoke.DirectMethodHandle$Holder.invokeInterface(java.lang.Object, java.lang.Object, int)'> (0x00000000d65fb050) 
thrown [s\src\hotspot\share\interpreter\linkResolver.cpp, line 773]
Event: 1.244 Thread 0x00000236915a9e90 Exception <a 'java/lang/NoSuchMethodError'{0x00000000d6a69918}: 'java.lang.ClassLoader java.lang.ClassLoader.getPlatformClassLoader(java.lang.Class)'> (0x00000000d6a69918) 
thrown [s\src\hotspot\share\interpreter\linkResolver.cpp, line 773]
Event: 1.379 Thread 0x00000236915a9e90 Exception <a 'java/lang/ClassNotFoundException'{0x00000000d558ad20}: sun/net/www/protocol/c/Handler> (0x00000000d558ad20) 
thrown [s\src\hotspot\share\classfile\systemDictionary.cpp, line 312]
Event: 1.380 Thread 0x00000236915a9e90 Exception <a 'java/lang/ClassNotFoundException'{0x00000000d558c118}: sun/net/www/protocol/c/Handler> (0x00000000d558c118) 
thrown [s\src\hotspot\share\classfile\systemDictionary.cpp, line 312]
Event: 1.380 Thread 0x00000236915a9e90 Exception <a 'java/lang/ClassNotFoundException'{0x00000000d558d3a0}: sun/net/www/protocol/c/Handler> (0x00000000d558d3a0) 
thrown [s\src\hotspot\share\classfile\systemDictionary.cpp, line 312]
Event: 1.385 Thread 0x00000236915a9e90 Exception <a 'java/io/FileNotFoundException'{0x00000000d55b5710}> (0x00000000d55b5710) 
thrown [s\src\hotspot\share\prims\jni.cpp, line 520]
Event: 1.415 Thread 0x00000236915a9e90 Implicit null exception at 0x00000236a4fc85c9 to 0x00000236a4fc8f3c
Event: 1.415 Thread 0x00000236915a9e90 Implicit null exception at 0x00000236a4fcc59a to 0x00000236a4fcc7a8
Event: 1.416 Thread 0x00000236915a9e90 Exception <a 'java/lang/NoSuchMethodError'{0x00000000d57a72b8}: 'void java.lang.invoke.DirectMethodHandle$Holder.invokeStatic(java.lang.Object, java.lang.Object, java.lang.Object, java.lang.Object)'> (0x00000000d57a72b8) 
thrown [s\src\hotspot\share\interpreter\linkResolver.cpp, line 773]
Event: 1.416 Thread 0x00000236915a9e90 Implicit null exception at 0x00000236a4fc661a to 0x00000236a4fc6814
Event: 1.416 Thread 0x00000236915a9e90 Implicit null exception at 0x00000236a4fcc1bd to 0x00000236a4fcc241
Event: 1.484 Thread 0x00000236915a9e90 Exception <a 'java/lang/NoSuchMethodError'{0x00000000d5a30d48}: 'void java.lang.invoke.DirectMethodHandle$Holder.invokeSpecial(java.lang.Object, java.lang.Object, java.lang.Object)'> (0x00000000d5a30d48) 
thrown [s\src\hotspot\share\interpreter\linkResolver.cpp, line 773]
Event: 1.725 Thread 0x00000236915a9e90 Exception <a 'java/lang/NoSuchMethodError'{0x00000000d63633c8}: 'int java.lang.invoke.DirectMethodHandle$Holder.invokeVirtual(java.lang.Object, java.lang.Object)'> (0x00000000d63633c8) 
thrown [s\src\hotspot\share\interpreter\linkResolver.cpp, line 773]
Event: 1.777 Thread 0x00000236915a9e90 Exception <a 'java/lang/NoSuchMethodError'{0x00000000d64f2a58}: 'int java.lang.invoke.DirectMethodHandle$Holder.invokeStaticInit(java.lang.Object, java.lang.Object, java.lang.Object, java.lang.Object)'> (0x00000000d64f2a58) 
thrown [s\src\hotspot\share\interpreter\linkResolver.cpp, line 773]
Event: 1.777 Thread 0x00000236915a9e90 Exception <a 'java/lang/IncompatibleClassChangeError'{0x00000000d64fb008}: Found class java.lang.Object, but interface was expected> (0x00000000d64fb008) 
thrown [s\src\hotspot\share\interpreter\linkResolver.cpp, line 840]
Event: 1.778 Thread 0x00000236915a9e90 Exception <a 'java/lang/NoSuchMethodError'{0x00000000d6501eb8}: 'void java.lang.invoke.DirectMethodHandle$Holder.invokeStaticInit(java.lang.Object, java.lang.Object)'> (0x00000000d6501eb8) 
thrown [s\src\hotspot\share\interpreter\linkResolver.cpp, line 773]
Event: 1.779 Thread 0x00000236915a9e90 Exception <a 'java/lang/NoSuchMethodError'{0x00000000d650bb68}: 'int java.lang.invoke.DirectMethodHandle$Holder.invokeStaticInit(java.lang.Object, java.lang.Object)'> (0x00000000d650bb68) 
thrown [s\src\hotspot\share\interpreter\linkResolver.cpp, line 773]

ZGC Phase Switch (0 events):
No events

VM Operations (20 events):
Event: 0.268 Executing VM operation: HandshakeAllThreads (Deoptimize)
Event: 0.269 Executing VM operation: HandshakeAllThreads (Deoptimize) done
Event: 0.470 Executing VM operation: HandshakeAllThreads (Deoptimize)
Event: 0.470 Executing VM operation: HandshakeAllThreads (Deoptimize) done
Event: 1.021 Executing VM operation: HandshakeAllThreads (Deoptimize)
Event: 1.021 Executing VM operation: HandshakeAllThreads (Deoptimize) done
Event: 1.039 Executing VM operation: HandshakeAllThreads (Deoptimize)
Event: 1.039 Executing VM operation: HandshakeAllThreads (Deoptimize) done
Event: 1.347 Executing VM operation: HandshakeAllThreads (Deoptimize)
Event: 1.347 Executing VM operation: HandshakeAllThreads (Deoptimize) done
Event: 1.347 Executing VM operation: Cleanup
Event: 1.348 Executing VM operation: Cleanup done
Event: 1.364 Executing VM operation: ParallelGCFailedAllocation (Allocation Failure)
Event: 1.375 Executing VM operation: ParallelGCFailedAllocation (Allocation Failure) done
Event: 1.405 Executing VM operation: HandshakeAllThreads (Deoptimize)
Event: 1.405 Executing VM operation: HandshakeAllThreads (Deoptimize) done
Event: 1.796 Executing VM operation: HandshakeAllThreads (Deoptimize)
Event: 1.796 Executing VM operation: HandshakeAllThreads (Deoptimize) done
Event: 1.802 Executing VM operation: HandshakeAllThreads (Deoptimize)
Event: 1.802 Executing VM operation: HandshakeAllThreads (Deoptimize) done

Events (12 events):
Event: 0.102 Thread 0x00000236915a9e90 Thread added: 0x00000236915a9e90
Event: 0.235 Thread 0x00000236938ce350 Thread added: 0x00000236938ce350
Event: 0.236 Thread 0x00000236939cf2d0 Thread added: 0x00000236939cf2d0
Event: 0.236 Thread 0x00000236939d2eb0 Thread added: 0x00000236939d2eb0
Event: 0.236 Thread 0x00000236939d5530 Thread added: 0x00000236939d5530
Event: 0.236 Thread 0x00000236939dbc60 Thread added: 0x00000236939dbc60
Event: 0.236 Thread 0x00000236939de6d0 Thread added: 0x00000236939de6d0
Event: 0.237 Thread 0x00000236f2f67e50 Thread added: 0x00000236f2f67e50
Event: 0.237 Thread 0x00000236f2f69db0 Thread added: 0x00000236f2f69db0
Event: 0.257 Thread 0x00000236f2fd24e0 Thread added: 0x00000236f2fd24e0
Event: 0.705 Thread 0x00000236f32b7120 Thread added: 0x00000236f32b7120
Event: 1.790 Thread 0x00000236f97cd560 Thread added: 0x00000236f97cd560


Dynamic libraries:
0x00007ff75ea10000 - 0x00007ff75ea1e000 	C:\Program Files\OpenLogic\jdk-21.0.3.9-hotspot\bin\java.exe
0x00007ffa34b60000 - 0x00007ffa34dc8000 	C:\WINDOWS\SYSTEM32\ntdll.dll
0x00007ffa33f60000 - 0x00007ffa34029000 	C:\WINDOWS\System32\KERNEL32.DLL
0x00007ffa32500000 - 0x00007ffa328f1000 	C:\WINDOWS\System32\KERNELBASE.dll
0x00007ffa31e10000 - 0x00007ffa31f5b000 	C:\WINDOWS\System32\ucrtbase.dll
0x00007ff9d0bc0000 - 0x00007ff9d0bd8000 	C:\Program Files\OpenLogic\jdk-21.0.3.9-hotspot\bin\jli.dll
0x00007ff9cdce0000 - 0x00007ff9cdcfb000 	C:\Program Files\OpenLogic\jdk-21.0.3.9-hotspot\bin\VCRUNTIME140.dll
0x00007ffa34350000 - 0x00007ffa34516000 	C:\WINDOWS\System32\USER32.dll
0x00007ffa0ae00000 - 0x00007ffa0b093000 	C:\WINDOWS\WinSxS\amd64_microsoft.windows.common-controls_6595b64144ccf1df_6.0.26100.7824_none_3e0870b2e3345462\COMCTL32.dll
0x00007ffa31570000 - 0x00007ffa31597000 	C:\WINDOWS\System32\win32u.dll
0x00007ffa342a0000 - 0x00007ffa34349000 	C:\WINDOWS\System32\msvcrt.dll
0x00007ffa33440000 - 0x00007ffa3346b000 	C:\WINDOWS\System32\GDI32.dll
0x00007ffa31440000 - 0x00007ffa3156b000 	C:\WINDOWS\System32\gdi32full.dll
0x00007ffa32020000 - 0x00007ffa320c3000 	C:\WINDOWS\System32\msvcp_win.dll
0x00007ffa34590000 - 0x00007ffa345c1000 	C:\WINDOWS\System32\IMM32.DLL
0x00007ff9e8200000 - 0x00007ff9e820c000 	C:\Program Files\OpenLogic\jdk-21.0.3.9-hotspot\bin\vcruntime140_1.dll
0x00007ff991a50000 - 0x00007ff991add000 	C:\Program Files\OpenLogic\jdk-21.0.3.9-hotspot\bin\msvcp140.dll
0x00007ff952000000 - 0x00007ff952d91000 	C:\Program Files\OpenLogic\jdk-21.0.3.9-hotspot\bin\server\jvm.dll
0x00007ffa33380000 - 0x00007ffa33434000 	C:\WINDOWS\System32\ADVAPI32.dll
0x00007ffa34140000 - 0x00007ffa341e6000 	C:\WINDOWS\System32\sechost.dll
0x00007ffa33e30000 - 0x00007ffa33f48000 	C:\WINDOWS\System32\RPCRT4.dll
0x00007ffa32ae0000 - 0x00007ffa32b54000 	C:\WINDOWS\System32\WS2_32.dll
0x00007ffa264a0000 - 0x00007ffa264d5000 	C:\WINDOWS\SYSTEM32\WINMM.dll
0x00007ffa1d290000 - 0x00007ffa1d29b000 	C:\WINDOWS\SYSTEM32\VERSION.dll
0x00007ffa312a0000 - 0x00007ffa312fe000 	C:\WINDOWS\SYSTEM32\POWRPROF.dll
0x00007ffa31280000 - 0x00007ffa31294000 	C:\WINDOWS\SYSTEM32\UMPDC.dll
0x00007ffa301e0000 - 0x00007ffa301fb000 	C:\WINDOWS\SYSTEM32\kernel.appcore.dll
0x00007ff9e7d00000 - 0x00007ff9e7d0a000 	C:\Program Files\OpenLogic\jdk-21.0.3.9-hotspot\bin\jimage.dll
0x00007ffa2ee90000 - 0x00007ffa2f0d2000 	C:\WINDOWS\SYSTEM32\DBGHELP.DLL
0x00007ffa34690000 - 0x00007ffa34a16000 	C:\WINDOWS\System32\combase.dll
0x00007ffa34060000 - 0x00007ffa34137000 	C:\WINDOWS\System32\OLEAUT32.dll
0x00007ffa05bf0000 - 0x00007ffa05c2b000 	C:\WINDOWS\SYSTEM32\dbgcore.DLL
0x00007ffa32450000 - 0x00007ffa324f5000 	C:\WINDOWS\System32\bcryptPrimitives.dll
0x00007ff9e7ab0000 - 0x00007ff9e7abe000 	C:\Program Files\OpenLogic\jdk-21.0.3.9-hotspot\bin\instrument.dll
0x00007ff9cdc30000 - 0x00007ff9cdc4f000 	C:\Program Files\OpenLogic\jdk-21.0.3.9-hotspot\bin\java.dll
0x00007ffa32c20000 - 0x00007ffa33372000 	C:\WINDOWS\System32\SHELL32.dll
0x00007ffa322e0000 - 0x00007ffa3244a000 	C:\WINDOWS\System32\wintypes.dll
0x00007ffa315a0000 - 0x00007ffa31e03000 	C:\WINDOWS\System32\windows.storage.dll
0x00007ffa33ab0000 - 0x00007ffa33ba6000 	C:\WINDOWS\System32\SHCORE.dll
0x00007ffa34520000 - 0x00007ffa34587000 	C:\WINDOWS\System32\shlwapi.dll
0x00007ffa31360000 - 0x00007ffa31389000 	C:\WINDOWS\SYSTEM32\profapi.dll
0x00007ff991670000 - 0x00007ff991746000 	C:\Program Files\OpenLogic\jdk-21.0.3.9-hotspot\bin\jsvml.dll
0x00007ff9cdc10000 - 0x00007ff9cdc28000 	C:\Program Files\OpenLogic\jdk-21.0.3.9-hotspot\bin\zip.dll
0x00007ff9e4d90000 - 0x00007ff9e4da0000 	C:\Program Files\OpenLogic\jdk-21.0.3.9-hotspot\bin\net.dll
0x00007ffa281c0000 - 0x00007ffa282e7000 	C:\WINDOWS\SYSTEM32\WINHTTP.dll
0x00007ffa30750000 - 0x00007ffa307bb000 	C:\WINDOWS\system32\mswsock.dll
0x00007ff9ba870000 - 0x00007ff9ba886000 	C:\Program Files\OpenLogic\jdk-21.0.3.9-hotspot\bin\nio.dll
0x00007ff9f47f0000 - 0x00007ff9f4800000 	C:\Program Files\OpenLogic\jdk-21.0.3.9-hotspot\bin\verify.dll

dbghelp: loaded successfully - version: 4.0.5 - missing functions: none
symbol engine: initialized successfully - sym options: 0x614 - pdb path: .;C:\Program Files\OpenLogic\jdk-21.0.3.9-hotspot\bin;C:\WINDOWS\SYSTEM32;C:\WINDOWS\WinSxS\amd64_microsoft.windows.common-controls_6595b64144ccf1df_6.0.26100.7824_none_3e0870b2e3345462;C:\Program Files\OpenLogic\jdk-21.0.3.9-hotspot\bin\server

VM Arguments:
jvm_args: --add-modules=ALL-SYSTEM --add-opens=java.base/java.util=ALL-UNNAMED --add-opens=java.base/java.lang=ALL-UNNAMED --add-opens=java.base/sun.nio.fs=ALL-UNNAMED -Declipse.application=org.eclipse.jdt.ls.core.id1 -Dosgi.bundles.defaultStartLevel=4 -Declipse.product=org.eclipse.jdt.ls.core.product -Djava.import.generatesMetadataFilesAtProjectRoot=false -DDetectVMInstallationsJob.disabled=true -Dfile.encoding=utf8 -XX:+UseParallelGC -XX:GCTimeRatio=4 -XX:AdaptiveSizePolicyWeight=90 -Dsun.zip.disableMemoryMapping=true -Xmx2G -Xms100m -Xlog:disable -javaagent:c:\Users\Hp\.windsurf\extensions\redhat.java-1.52.0-universal\lombok\lombok-1.18.39-4050.jar 
java_command: c:\Users\Hp\.windsurf\extensions\redhat.java-1.52.0-universal\server\plugins\org.eclipse.equinox.launcher_1.7.100.v20251111-0406.jar -configuration c:\Users\Hp\AppData\Roaming\Windsurf\User\globalStorage\redhat.java\1.52.0\config_ss_win -data c:\Users\Hp\AppData\Roaming\Windsurf\User\workspaceStorage\8dfb7344734fe7d7d8aca5bba71e0df7\redhat.java\ss_ws --pipe=\\.\pipe\lsp-2204160894ca3feddb5c7c34a794d277-sock
java_class_path (initial): c:\Users\Hp\.windsurf\extensions\redhat.java-1.52.0-universal\server\plugins\org.eclipse.equinox.launcher_1.7.100.v20251111-0406.jar
Launcher Type: SUN_STANDARD

[Global flags]
    uintx AdaptiveSizePolicyWeight                 = 90                                        {product} {command line}
     intx CICompilerCount                          = 12                                        {product} {ergonomic}
    uintx GCTimeRatio                              = 4                                         {product} {command line}
   size_t InitialHeapSize                          = 104857600                                 {product} {command line}
   size_t MaxHeapSize                              = 2147483648                                {product} {command line}
   size_t MaxNewSize                               = 715653120                                 {product} {ergonomic}
   size_t MinHeapDeltaBytes                        = 524288                                    {product} {ergonomic}
   size_t MinHeapSize                              = 104857600                                 {product} {command line}
   size_t NewSize                                  = 34603008                                  {product} {ergonomic}
    uintx NonNMethodCodeHeapSize                   = 7602480                                {pd product} {ergonomic}
    uintx NonProfiledCodeHeapSize                  = 122027880                              {pd product} {ergonomic}
   size_t OldSize                                  = 70254592                                  {product} {ergonomic}
    uintx ProfiledCodeHeapSize                     = 122027880                              {pd product} {ergonomic}
    uintx ReservedCodeCacheSize                    = 251658240                              {pd product} {ergonomic}
     bool SegmentedCodeCache                       = true                                      {product} {ergonomic}
   size_t SoftMaxHeapSize                          = 2147483648                             {manageable} {ergonomic}
     bool UseCompressedOops                        = true                           {product lp64_product} {ergonomic}
     bool UseLargePagesIndividualAllocation        = false                                  {pd product} {ergonomic}
     bool UseParallelGC                            = true                                      {product} {command line}

Logging:
Log output configuration:
 #0: stdout all=off uptime,level,tags foldmultilines=false
 #1: stderr all=off uptime,level,tags foldmultilines=false

Environment Variables:
PATH=C:\Program Files\OpenLogic\jdk-21.0.3.9-hotspot\bin;C:\Program Files\Common Files\Oracle\Java\javapath;C:\windows\system32;C:\windows;C:\windows\System32\Wbem;C:\windows\System32\WindowsPowerShell\v1.0\;C:\windows\System32\OpenSSH\;C:\Program Files\HP\HP One Agent;C:\Program Files\Microsoft SQL Server\Client SDK\ODBC\170\Tools\Binn\;E:\Git\cmd;E:\Program Files\nodejs\;C:\Program Files\dotnet\;C:\Program Files (x86)\Microsoft SQL Server\160\Tools\Binn\;C:\Program Files\Microsoft SQL Server\160\Tools\Binn\;C:\Program Files\Microsoft SQL Server\160\DTS\Binn\;C:\Program Files (x86)\Microsoft SQL Server\160\DTS\Binn\;C:\Program Files\Microsoft SQL Server\150\Tools\Binn\;C:\WINDOWS\system32;C:\WINDOWS;C:\WINDOWS\System32\Wbem;C:\WINDOWS\System32\WindowsPowerShell\v1.0\;C:\WINDOWS\System32\OpenSSH\;C:\Program Files\Git\cmd;E:\Downloads\apache-maven-3.9.11-bin;C:\Users\Hp\AppData\Local\Microsoft\WindowsApps;E:\Microsoft VS Code\bin;C:\Users\Hp\AppData\Roaming\npm;C:\Users\Hp\.dotnet\tools;C:\Program Files\JetBrains\DataGrip 2024.3.4\bin;E:\Program Files\JetBrains\IntelliJ IDEA 2025.2\bin;C:\Users\Hp\AppData\Local\Microsoft\WindowsApps;C:\Users\Hp\AppData\Local\Programs1\Windsurf\bin
USERNAME=Hp
OS=Windows_NT
PROCESSOR_IDENTIFIER=Intel64 Family 6 Model 154 Stepping 3, GenuineIntel
TMP=C:\Users\Hp\AppData\Local\Temp
TEMP=C:\Users\Hp\AppData\Local\Temp




Periodic native trim disabled

---------------  S Y S T E M  ---------------

OS:
 Windows 11 , 64 bit Build 26100 (10.0.26100.7705)
OS uptime: 0 days 5:24 hours
Hyper-V role detected

CPU: total 16 (initial active 16) (8 cores per cpu, 2 threads per core) family 6 model 154 stepping 3 microcode 0x42c, cx8, cmov, fxsr, ht, mmx, 3dnowpref, sse, sse2, sse3, ssse3, sse4.1, sse4.2, popcnt, lzcnt, tsc, tscinvbit, avx, avx2, aes, erms, clmul, bmi1, bmi2, adx, sha, fma, vzeroupper, clflush, clflushopt, clwb, hv, serialize, rdtscp, rdpid, fsrm, f16c, cet_ibt, cet_ss
Processor Information for processor 0
  Max Mhz: 2100, Current Mhz: 2100, Mhz Limit: 2100
Processor Information for processor 1
  Max Mhz: 2100, Current Mhz: 2100, Mhz Limit: 2100
Processor Information for processor 2
  Max Mhz: 2100, Current Mhz: 2100, Mhz Limit: 2100
Processor Information for processor 3
  Max Mhz: 2100, Current Mhz: 2100, Mhz Limit: 2100
Processor Information for processor 4
  Max Mhz: 2100, Current Mhz: 2100, Mhz Limit: 2100
Processor Information for processor 5
  Max Mhz: 2100, Current Mhz: 2100, Mhz Limit: 2100
Processor Information for processor 6
  Max Mhz: 2100, Current Mhz: 2100, Mhz Limit: 2100
Processor Information for processor 7
  Max Mhz: 2100, Current Mhz: 2100, Mhz Limit: 2100
Processor Information for processor 8
  Max Mhz: 2100, Current Mhz: 1500, Mhz Limit: 1491
Processor Information for processor 9
  Max Mhz: 2100, Current Mhz: 1500, Mhz Limit: 1491
Processor Information for processor 10
  Max Mhz: 2100, Current Mhz: 1500, Mhz Limit: 1491
Processor Information for processor 11
  Max Mhz: 2100, Current Mhz: 1500, Mhz Limit: 1491
Processor Information for processor 12
  Max Mhz: 2100, Current Mhz: 1500, Mhz Limit: 1491
Processor Information for processor 13
  Max Mhz: 2100, Current Mhz: 1500, Mhz Limit: 1491
Processor Information for processor 14
  Max Mhz: 2100, Current Mhz: 1500, Mhz Limit: 1491
Processor Information for processor 15
  Max Mhz: 2100, Current Mhz: 1500, Mhz Limit: 1491

Memory: 4k page, system-wide physical 7860M (16M free)
TotalPageFile size 25017M (AvailPageFile size 0M)
current process WorkingSet (physical memory assigned to process): 80M, peak: 85M
current process commit charge ("private bytes"): 255M, peak: 256M

vm_info: OpenJDK 64-Bit Server VM (21.0.3+9-adhoc.Administrator.jdk21u) for windows-amd64 JRE (21.0.3+9-adhoc.Administrator.jdk21u), built on 2024-04-22T08:54:08Z by "Administrator" with MS VC++ 16.10 / 16.11 (VS2019)

END.
