#
# There is insufficient memory for the Java Runtime Environment to continue.
# Native memory allocation (malloc) failed to allocate 1048576 bytes. Error detail: AllocateHeap
# Possible reasons:
#   The system is out of physical RAM or swap space
#   This process is running with CompressedOops enabled, and the Java Heap may be blocking the growth of the native heap
# Possible solutions:
#   Reduce memory load on the system
#   Increase physical memory or swap space
#   Check if swap backing store is full
#   Decrease Java heap size (-Xmx/-Xms)
#   Decrease number of Java threads
#   Decrease Java thread stack sizes (-Xss)
#   Set larger code cache with -XX:ReservedCodeCacheSize=
#   JVM is running with Unscaled Compressed Oops mode in which the Java heap is
#     placed in the first 4GB address space. The Java Heap base address is the
#     maximum limit for the native heap growth. Please use -XX:HeapBaseMinAddress
#     to set the Java Heap base and to place the Java Heap above 4GB virtual address.
# This output file may be truncated or incomplete.
#
#  Out of Memory Error (allocation.cpp:44), pid=19080, tid=17912
#
# JRE version:  (21.0.3+9) (build )
# Java VM: OpenJDK 64-Bit Server VM (21.0.3+9-adhoc.Administrator.jdk21u, mixed mode, sharing, tiered, compressed oops, compressed class ptrs, parallel gc, windows-amd64)
# No core dump will be written. Minidumps are not enabled by default on client versions of Windows
#

---------------  S U M M A R Y ------------

Command Line: --add-modules=ALL-SYSTEM --add-opens=java.base/java.util=ALL-UNNAMED --add-opens=java.base/java.lang=ALL-UNNAMED --add-opens=java.base/sun.nio.fs=ALL-UNNAMED -Declipse.application=org.eclipse.jdt.ls.core.id1 -Dosgi.bundles.defaultStartLevel=4 -Declipse.product=org.eclipse.jdt.ls.core.product -Djava.import.generatesMetadataFilesAtProjectRoot=false -DDetectVMInstallationsJob.disabled=true -Dfile.encoding=utf8 -XX:+UseParallelGC -XX:GCTimeRatio=4 -XX:AdaptiveSizePolicyWeight=90 -Dsun.zip.disableMemoryMapping=true -Xmx2G -Xms100m -Xlog:disable -javaagent:c:\Users\Hp\.windsurf\extensions\redhat.java-1.52.0-universal\lombok\lombok-1.18.39-4050.jar c:\Users\Hp\.windsurf\extensions\redhat.java-1.52.0-universal\server\plugins\org.eclipse.equinox.launcher_1.7.100.v20251111-0406.jar -configuration c:\Users\Hp\AppData\Roaming\Windsurf\User\globalStorage\redhat.java\1.52.0\config_ss_win -data c:\Users\Hp\AppData\Roaming\Windsurf\User\workspaceStorage\8dfb7344734fe7d7d8aca5bba71e0df7\redhat.java\ss_ws --pipe=\\.\pipe\lsp-f4979ab350d8ba169e0958fa645b1af8-sock

Host: 12th Gen Intel(R) Core(TM) i7-1260P, 16 cores, 7G,  Windows 11 , 64 bit Build 26100 (10.0.26100.7705)
Time: Mon Feb 23 16:01:04 2026 SE Asia Standard Time elapsed time: 0.197406 seconds (0d 0h 0m 0s)

---------------  T H R E A D  ---------------

Current thread (0x00000227aa9c9120):  JavaThread "Unknown thread" [_thread_in_vm, id=17912, stack(0x000000cd60d00000,0x000000cd60e00000) (1024K)]

Stack: [0x000000cd60d00000,0x000000cd60e00000]
Native frames: (J=compiled Java code, j=interpreted, Vv=VM code, C=native code)
V  [jvm.dll+0x6d4fa9]
V  [jvm.dll+0x8b01d3]
V  [jvm.dll+0x8b252e]
V  [jvm.dll+0x8b2c13]
V  [jvm.dll+0x284fb6]
V  [jvm.dll+0xc07e7]
V  [jvm.dll+0x712b2d]
V  [jvm.dll+0x7131ec]
V  [jvm.dll+0x6e3bd8]
V  [jvm.dll+0x878974]
V  [jvm.dll+0x3c218c]
V  [jvm.dll+0x8617f8]
V  [jvm.dll+0x45648e]
V  [jvm.dll+0x458001]
C  [jli.dll+0x52ab]
C  [ucrtbase.dll+0x37b0]
C  [KERNEL32.DLL+0x2e8d7]
C  [ntdll.dll+0x8c40c]


---------------  P R O C E S S  ---------------

Threads class SMR info:
_java_thread_list=0x00000227aaa35d30, length=1, elements={
0x00000227aa9c9120
}

Java Threads: ( => current thread )
=>0x00000227aa9c9120 JavaThread "Unknown thread"             [_thread_in_vm, id=17912, stack(0x000000cd60d00000,0x000000cd60e00000) (1024K)]
Total: 1

Other Threads:
  0x00000227c979ba00 WatcherThread "VM Periodic Task Thread"        [id=27824, stack(0x000000cd61000000,0x000000cd61100000) (1024K)]
  0x00000227aa9e6710 WorkerThread "GC Thread#0"                     [id=17960, stack(0x000000cd60f00000,0x000000cd61000000) (1024K)]
Total: 2

Threads with active compile tasks:
Total: 0

VM state: not at safepoint (normal execution)

VM Mutex/Monitor currently owned by a thread: None

Heap address: 0x0000000080000000, size: 2048 MB, Compressed Oops mode: 32-bit

CDS archive(s) mapped at: [0x00000227ca000000-0x00000227cac90000-0x00000227cac90000), size 13172736, SharedBaseAddress: 0x00000227ca000000, ArchiveRelocationMode: 1.
Compressed class space mapped at: 0x00000227cb000000-0x000002280b000000, reserved size: 1073741824
Narrow klass base: 0x00000227ca000000, Narrow klass shift: 0, Narrow klass range: 0x100000000

GC Precious Log:
 CardTable entry size: 512
 CPUs: 16 total, 16 available
 Memory: 7860M
 Large Page Support: Disabled
 NUMA Support: Disabled
 Compressed Oops: Enabled (32-bit)
 Alignments: Space 512K, Generation 512K, Heap 2M
 Heap Min Capacity: 100M
 Heap Initial Capacity: 100M
 Heap Max Capacity: 2G
 Pre-touch: Disabled
 Parallel Workers: 13

Heap:
 PSYoungGen      total 29696K, used 512K [0x00000000d5580000, 0x00000000d7680000, 0x0000000100000000)
  eden space 25600K, 2% used [0x00000000d5580000,0x00000000d5600020,0x00000000d6e80000)
  from space 4096K, 0% used [0x00000000d7280000,0x00000000d7280000,0x00000000d7680000)
  to   space 4096K, 0% used [0x00000000d6e80000,0x00000000d6e80000,0x00000000d7280000)
 ParOldGen       total 68608K, used 0K [0x0000000080000000, 0x0000000084300000, 0x00000000d5580000)
  object space 68608K, 0% used [0x0000000080000000,0x0000000080000000,0x0000000084300000)
 Metaspace       used 0K, committed 0K, reserved 1048576K
  class space    used 0K, committed 0K, reserved 1048576K

Card table byte_map: [0x00000227c4c00000,0x00000227c5010000] _byte_map_base: 0x00000227c4800000

Marking Bits: (ParMarkBitMap*) 0x00007ffeb6b46020
 Begin Bits: [0x00000227c52c0000, 0x00000227c72c0000)
 End Bits:   [0x00000227c72c0000, 0x00000227c92c0000)

Polling page: 0x00000227aa6c0000

Metaspace:

Usage:
  Non-class:      0 bytes used.
      Class:      0 bytes used.
       Both:      0 bytes used.

Virtual space:
  Non-class space:        0 bytes reserved,       0 bytes (  ?%) committed,  0 nodes.
      Class space:        1.00 GB reserved,       0 bytes (  0%) committed,  1 nodes.
             Both:        1.00 GB reserved,       0 bytes (  0%) committed. 

Chunk freelists:
   Non-Class:  0 bytes
       Class:  16.00 MB
        Both:  16.00 MB

MaxMetaspaceSize: unlimited
CompressedClassSpaceSize: 1.00 GB
Initial GC threshold: 21.00 MB
Current GC threshold: 17179869184.00 GB
CDS: on
 - commit_granule_bytes: 65536.
 - commit_granule_words: 8192.
 - virtual_space_node_default_size: 8388608.
 - enlarge_chunks_in_place: 1.
 - use_allocation_guard: 0.


Internal statistics:

num_allocs_failed_limit: 0.
num_arena_births: 0.
num_arena_deaths: 0.
num_vsnodes_births: 1.
num_vsnodes_deaths: 0.
num_space_committed: 0.
num_space_uncommitted: 0.
num_chunks_returned_to_freelist: 0.
num_chunks_taken_from_freelist: 1.
num_chunk_merges: 0.
num_chunk_splits: 1.
num_chunks_enlarged: 0.
num_inconsistent_stats: 0.

CodeHeap 'non-profiled nmethods': size=119168Kb used=0Kb max_used=0Kb free=119168Kb
 bounds [0x00000227bd5c0000, 0x00000227bd830000, 0x00000227c4a20000]
CodeHeap 'profiled nmethods': size=119104Kb used=0Kb max_used=0Kb free=119104Kb
 bounds [0x00000227b5a20000, 0x00000227b5c90000, 0x00000227bce70000]
CodeHeap 'non-nmethods': size=7488Kb used=194Kb max_used=342Kb free=7293Kb
 bounds [0x00000227bce70000, 0x00000227bd0e0000, 0x00000227bd5c0000]
 total_blobs=70 nmethods=0 adapters=48
 compilation: enabled
              stopped_count=0, restarted_count=0
 full_count=0

Compilation events (0 events):
No events

GC Heap History (0 events):
No events

Dll operation events (1 events):
Event: 0.074 Loaded shared library C:\Program Files\OpenLogic\jdk-21.0.3.9-hotspot\bin\java.dll

Deoptimization events (0 events):
No events

Classes loaded (0 events):
No events

Classes unloaded (0 events):
No events

Classes redefined (0 events):
No events

Internal exceptions (0 events):
No events

ZGC Phase Switch (0 events):
No events

VM Operations (0 events):
No events

Events (1 events):
Event: 0.164 Thread 0x00000227aa9c9120 Thread added: 0x00000227aa9c9120


Dynamic libraries:
0x00007ff653ca0000 - 0x00007ff653cae000 	C:\Program Files\OpenLogic\jdk-21.0.3.9-hotspot\bin\java.exe
0x00007fff81380000 - 0x00007fff815e8000 	C:\WINDOWS\SYSTEM32\ntdll.dll
0x00007fff7f620000 - 0x00007fff7f6e9000 	C:\WINDOWS\System32\KERNEL32.DLL
0x00007fff7ec70000 - 0x00007fff7f061000 	C:\WINDOWS\System32\KERNELBASE.dll
0x00007fff7dcf0000 - 0x00007fff7de3b000 	C:\WINDOWS\System32\ucrtbase.dll
0x00007fff276d0000 - 0x00007fff276e8000 	C:\Program Files\OpenLogic\jdk-21.0.3.9-hotspot\bin\jli.dll
0x00007fff80860000 - 0x00007fff80a26000 	C:\WINDOWS\System32\USER32.dll
0x00007fff7eb80000 - 0x00007fff7eba7000 	C:\WINDOWS\System32\win32u.dll
0x00007fff80b00000 - 0x00007fff80b2b000 	C:\WINDOWS\System32\GDI32.dll
0x00007fff7e130000 - 0x00007fff7e25b000 	C:\WINDOWS\System32\gdi32full.dll
0x00007fff7e260000 - 0x00007fff7e303000 	C:\WINDOWS\System32\msvcp_win.dll
0x00007fff244e0000 - 0x00007fff244fb000 	C:\Program Files\OpenLogic\jdk-21.0.3.9-hotspot\bin\VCRUNTIME140.dll
0x00007fff575a0000 - 0x00007fff57833000 	C:\WINDOWS\WinSxS\amd64_microsoft.windows.common-controls_6595b64144ccf1df_6.0.26100.7824_none_3e0870b2e3345462\COMCTL32.dll
0x00007fff7f4f0000 - 0x00007fff7f599000 	C:\WINDOWS\System32\msvcrt.dll
0x00007fff7f290000 - 0x00007fff7f2c1000 	C:\WINDOWS\System32\IMM32.DLL
0x00007fff74030000 - 0x00007fff7403c000 	C:\Program Files\OpenLogic\jdk-21.0.3.9-hotspot\bin\vcruntime140_1.dll
0x00007ffef9990000 - 0x00007ffef9a1d000 	C:\Program Files\OpenLogic\jdk-21.0.3.9-hotspot\bin\msvcp140.dll
0x00007ffeb5e90000 - 0x00007ffeb6c21000 	C:\Program Files\OpenLogic\jdk-21.0.3.9-hotspot\bin\server\jvm.dll
0x00007fff80530000 - 0x00007fff805e4000 	C:\WINDOWS\System32\ADVAPI32.dll
0x00007fff807b0000 - 0x00007fff80856000 	C:\WINDOWS\System32\sechost.dll
0x00007fff7fbf0000 - 0x00007fff7fd08000 	C:\WINDOWS\System32\RPCRT4.dll
0x00007fff7ff40000 - 0x00007fff7ffb4000 	C:\WINDOWS\System32\WS2_32.dll
0x00007fff7dac0000 - 0x00007fff7db1e000 	C:\WINDOWS\SYSTEM32\POWRPROF.dll
0x00007fff735b0000 - 0x00007fff735e5000 	C:\WINDOWS\SYSTEM32\WINMM.dll
0x00007fff69aa0000 - 0x00007fff69aab000 	C:\WINDOWS\SYSTEM32\VERSION.dll
0x00007fff7daa0000 - 0x00007fff7dab4000 	C:\WINDOWS\SYSTEM32\UMPDC.dll
0x00007fff7ca00000 - 0x00007fff7ca1b000 	C:\WINDOWS\SYSTEM32\kernel.appcore.dll
0x00007fff6c490000 - 0x00007fff6c49a000 	C:\Program Files\OpenLogic\jdk-21.0.3.9-hotspot\bin\jimage.dll
0x00007fff7ba40000 - 0x00007fff7bc82000 	C:\WINDOWS\SYSTEM32\DBGHELP.DLL
0x00007fff7f6f0000 - 0x00007fff7fa76000 	C:\WINDOWS\System32\combase.dll
0x00007fff7ffc0000 - 0x00007fff80097000 	C:\WINDOWS\System32\OLEAUT32.dll
0x00007fff55940000 - 0x00007fff5597b000 	C:\WINDOWS\SYSTEM32\dbgcore.DLL
0x00007fff7f070000 - 0x00007fff7f115000 	C:\WINDOWS\System32\bcryptPrimitives.dll
0x00007fff30390000 - 0x00007fff3039e000 	C:\Program Files\OpenLogic\jdk-21.0.3.9-hotspot\bin\instrument.dll
0x00007fff30370000 - 0x00007fff3038f000 	C:\Program Files\OpenLogic\jdk-21.0.3.9-hotspot\bin\java.dll

dbghelp: loaded successfully - version: 4.0.5 - missing functions: none
symbol engine: initialized successfully - sym options: 0x614 - pdb path: .;C:\Program Files\OpenLogic\jdk-21.0.3.9-hotspot\bin;C:\WINDOWS\SYSTEM32;C:\WINDOWS\WinSxS\amd64_microsoft.windows.common-controls_6595b64144ccf1df_6.0.26100.7824_none_3e0870b2e3345462;C:\Program Files\OpenLogic\jdk-21.0.3.9-hotspot\bin\server

VM Arguments:
jvm_args: --add-modules=ALL-SYSTEM --add-opens=java.base/java.util=ALL-UNNAMED --add-opens=java.base/java.lang=ALL-UNNAMED --add-opens=java.base/sun.nio.fs=ALL-UNNAMED -Declipse.application=org.eclipse.jdt.ls.core.id1 -Dosgi.bundles.defaultStartLevel=4 -Declipse.product=org.eclipse.jdt.ls.core.product -Djava.import.generatesMetadataFilesAtProjectRoot=false -DDetectVMInstallationsJob.disabled=true -Dfile.encoding=utf8 -XX:+UseParallelGC -XX:GCTimeRatio=4 -XX:AdaptiveSizePolicyWeight=90 -Dsun.zip.disableMemoryMapping=true -Xmx2G -Xms100m -Xlog:disable -javaagent:c:\Users\Hp\.windsurf\extensions\redhat.java-1.52.0-universal\lombok\lombok-1.18.39-4050.jar 
java_command: c:\Users\Hp\.windsurf\extensions\redhat.java-1.52.0-universal\server\plugins\org.eclipse.equinox.launcher_1.7.100.v20251111-0406.jar -configuration c:\Users\Hp\AppData\Roaming\Windsurf\User\globalStorage\redhat.java\1.52.0\config_ss_win -data c:\Users\Hp\AppData\Roaming\Windsurf\User\workspaceStorage\8dfb7344734fe7d7d8aca5bba71e0df7\redhat.java\ss_ws --pipe=\\.\pipe\lsp-f4979ab350d8ba169e0958fa645b1af8-sock
java_class_path (initial): c:\Users\Hp\.windsurf\extensions\redhat.java-1.52.0-universal\server\plugins\org.eclipse.equinox.launcher_1.7.100.v20251111-0406.jar
Launcher Type: SUN_STANDARD

[Global flags]
    uintx AdaptiveSizePolicyWeight                 = 90                                        {product} {command line}
     intx CICompilerCount                          = 12                                        {product} {ergonomic}
    uintx GCTimeRatio                              = 4                                         {product} {command line}
   size_t InitialHeapSize                          = 104857600                                 {product} {command line}
   size_t MaxHeapSize                              = 2147483648                                {product} {command line}
   size_t MaxNewSize                               = 715653120                                 {product} {ergonomic}
   size_t MinHeapDeltaBytes                        = 524288                                    {product} {ergonomic}
   size_t MinHeapSize                              = 104857600                                 {product} {command line}
   size_t NewSize                                  = 34603008                                  {product} {ergonomic}
    uintx NonNMethodCodeHeapSize                   = 7602480                                {pd product} {ergonomic}
    uintx NonProfiledCodeHeapSize                  = 122027880                              {pd product} {ergonomic}
   size_t OldSize                                  = 70254592                                  {product} {ergonomic}
    uintx ProfiledCodeHeapSize                     = 122027880                              {pd product} {ergonomic}
    uintx ReservedCodeCacheSize                    = 251658240                              {pd product} {ergonomic}
     bool SegmentedCodeCache                       = true                                      {product} {ergonomic}
   size_t SoftMaxHeapSize                          = 2147483648                             {manageable} {ergonomic}
     bool UseCompressedOops                        = true                           {product lp64_product} {ergonomic}
     bool UseLargePagesIndividualAllocation        = false                                  {pd product} {ergonomic}
     bool UseParallelGC                            = true                                      {product} {command line}

Logging:
Log output configuration:
 #0: stdout all=off uptime,level,tags foldmultilines=false
 #1: stderr all=off uptime,level,tags foldmultilines=false

Environment Variables:
PATH=C:\Program Files\OpenLogic\jdk-21.0.3.9-hotspot\bin;C:\Program Files\Common Files\Oracle\Java\javapath;C:\windows\system32;C:\windows;C:\windows\System32\Wbem;C:\windows\System32\WindowsPowerShell\v1.0\;C:\windows\System32\OpenSSH\;C:\Program Files\HP\HP One Agent;C:\Program Files\Microsoft SQL Server\Client SDK\ODBC\170\Tools\Binn\;E:\Git\cmd;E:\Program Files\nodejs\;C:\Program Files\dotnet\;C:\Program Files (x86)\Microsoft SQL Server\160\Tools\Binn\;C:\Program Files\Microsoft SQL Server\160\Tools\Binn\;C:\Program Files\Microsoft SQL Server\160\DTS\Binn\;C:\Program Files (x86)\Microsoft SQL Server\160\DTS\Binn\;C:\Program Files\Microsoft SQL Server\150\Tools\Binn\;C:\WINDOWS\system32;C:\WINDOWS;C:\WINDOWS\System32\Wbem;C:\WINDOWS\System32\WindowsPowerShell\v1.0\;C:\WINDOWS\System32\OpenSSH\;C:\Program Files\Git\cmd;E:\Downloads\apache-maven-3.9.11-bin;C:\Users\Hp\AppData\Local\Microsoft\WindowsApps;E:\Microsoft VS Code\bin;C:\Users\Hp\AppData\Roaming\npm;C:\Users\Hp\.dotnet\tools;C:\Program Files\JetBrains\DataGrip 2024.3.4\bin;E:\Program Files\JetBrains\IntelliJ IDEA 2025.2\bin;C:\Users\Hp\AppData\Local\Microsoft\WindowsApps;C:\Users\Hp\AppData\Local\Programs1\Windsurf\bin
USERNAME=Hp
OS=Windows_NT
PROCESSOR_IDENTIFIER=Intel64 Family 6 Model 154 Stepping 3, GenuineIntel
TMP=C:\Users\Hp\AppData\Local\Temp
TEMP=C:\Users\Hp\AppData\Local\Temp




Periodic native trim disabled

---------------  S Y S T E M  ---------------

OS:
 Windows 11 , 64 bit Build 26100 (10.0.26100.7705)
OS uptime: 0 days 6:04 hours
Hyper-V role detected

CPU: total 16 (initial active 16) (8 cores per cpu, 2 threads per core) family 6 model 154 stepping 3 microcode 0x42c, cx8, cmov, fxsr, ht, mmx, 3dnowpref, sse, sse2, sse3, ssse3, sse4.1, sse4.2, popcnt, lzcnt, tsc, tscinvbit, avx, avx2, aes, erms, clmul, bmi1, bmi2, adx, sha, fma, vzeroupper, clflush, clflushopt, clwb, hv, serialize, rdtscp, rdpid, fsrm, f16c, cet_ibt, cet_ss
Processor Information for processor 0
  Max Mhz: 2100, Current Mhz: 2100, Mhz Limit: 2100
Processor Information for processor 1
  Max Mhz: 2100, Current Mhz: 1453, Mhz Limit: 2100
Processor Information for processor 2
  Max Mhz: 2100, Current Mhz: 2100, Mhz Limit: 2100
Processor Information for processor 3
  Max Mhz: 2100, Current Mhz: 2100, Mhz Limit: 2100
Processor Information for processor 4
  Max Mhz: 2100, Current Mhz: 2100, Mhz Limit: 2100
Processor Information for processor 5
  Max Mhz: 2100, Current Mhz: 2100, Mhz Limit: 2100
Processor Information for processor 6
  Max Mhz: 2100, Current Mhz: 2100, Mhz Limit: 2100
Processor Information for processor 7
  Max Mhz: 2100, Current Mhz: 2100, Mhz Limit: 2100
Processor Information for processor 8
  Max Mhz: 2100, Current Mhz: 1500, Mhz Limit: 1491
Processor Information for processor 9
  Max Mhz: 2100, Current Mhz: 1500, Mhz Limit: 1491
Processor Information for processor 10
  Max Mhz: 2100, Current Mhz: 1500, Mhz Limit: 1491
Processor Information for processor 11
  Max Mhz: 2100, Current Mhz: 1500, Mhz Limit: 1491
Processor Information for processor 12
  Max Mhz: 2100, Current Mhz: 1500, Mhz Limit: 1491
Processor Information for processor 13
  Max Mhz: 2100, Current Mhz: 1500, Mhz Limit: 1491
Processor Information for processor 14
  Max Mhz: 2100, Current Mhz: 1500, Mhz Limit: 1491
Processor Information for processor 15
  Max Mhz: 2100, Current Mhz: 1500, Mhz Limit: 1491

Memory: 4k page, system-wide physical 7860M (287M free)
TotalPageFile size 26567M (AvailPageFile size 6M)
current process WorkingSet (physical memory assigned to process): 26M, peak: 26M
current process commit charge ("private bytes"): 222M, peak: 222M

vm_info: OpenJDK 64-Bit Server VM (21.0.3+9-adhoc.Administrator.jdk21u) for windows-amd64 JRE (21.0.3+9-adhoc.Administrator.jdk21u), built on 2024-04-22T08:54:08Z by "Administrator" with MS VC++ 16.10 / 16.11 (VS2019)

END.
